app/platforms/android/app/build/outputs/logs/manifest-merger-release-report.txt
-- Merging decision tree log ---
provider#android.support.v4.content.FileProvider
INJECTED from src/main/AndroidManifest.xml:37:5-39:16
	android:grantUriPermissions
		ADDED from src/main/AndroidManifest.xml:37:88-122
	android:authorities
		INJECTED from src/main/AndroidManifest.xml
		ADDED from src/main/AndroidManifest.xml:37:15-62
	android:exported
		ADDED from src/main/AndroidManifest.xml:37:63-87
	android:name
		ADDED from src/main/AndroidManifest.xml:37:123-177
manifest
ADDED from src/main/AndroidManifest.xml:2:1-67:12
INJECTED from src/main/AndroidManifest.xml:2:1-67:12
INJECTED from src/main/AndroidManifest.xml:2:1-67:12
INJECTED from src/main/AndroidManifest.xml:2:1-67:12
MERGED from [me.leolin:ShortcutBadger:1.1.21] AndroidManifest.xml:2:1-52:12
MERGED from [com.onesignal:OneSignal:3.9.1] AndroidManifest.xml:2:1-108:12
MERGED from [com.facebook.android:facebook-android-sdk:4.36.0] AndroidManifest.xml:21:1-31:12
MERGED from [com.facebook.android:facebook-login:4.36.0] AndroidManifest.xml:21:1-31:12
MERGED from [com.facebook.android:facebook-share:4.36.0] AndroidManifest.xml:21:1-31:12
MERGED from [com.facebook.android:facebook-common:4.36.0] AndroidManifest.xml:21:1-37:12
MERGED from [com.android.support:customtabs:27.0.2] AndroidManifest.xml:17:1-22:12
MERGED from [com.google.android.gms:play-services-analytics:11.0.1] AndroidManifest.xml:16:1-27:12
MERGED from [com.google.android.gms:play-services-tagmanager-v4-impl:11.0.1] AndroidManifest.xml:16:1-20:12
MERGED from [com.google.android.gms:play-services-analytics-impl:11.0.1] AndroidManifest.xml:16:1-27:12
MERGED from [com.google.android.gms:play-services-location:11.0.1] AndroidManifest.xml:2:1-5:12
MERGED from [com.google.android.gms:play-services-base:11.0.1] AndroidManifest.xml:16:1-21:12
MERGED from [com.google.firebase:firebase-messaging:11.0.1] AndroidManifest.xml:16:1-30:12
MERGED from [com.google.firebase:firebase-iid:11.0.1] AndroidManifest.xml:16:1-50:12
MERGED from [com.google.firebase:firebase-common:11.0.1] AndroidManifest.xml:2:1-8:12
MERGED from [com.google.android.gms:play-services-tasks:11.0.1] AndroidManifest.xml:2:1-5:12
MERGED from [com.google.android.gms:play-services-basement:11.0.1] AndroidManifest.xml:16:1-23:12
MERGED from [com.android.support:appcompat-v7:26.1.0] AndroidManifest.xml:17:1-31:12
MERGED from [com.android.support:support-v4:27.0.2] AndroidManifest.xml:17:1-22:12
MERGED from [:CordovaLib] AndroidManifest.xml:20:1-27:12
MERGED from [com.android.support:animated-vector-drawable:27.0.2] AndroidManifest.xml:17:1-22:12
MERGED from [com.android.support:support-fragment:26.1.0] AndroidManifest.xml:17:1-31:12
MERGED from [com.android.support:support-core-ui:27.0.2] AndroidManifest.xml:17:1-22:12
MERGED from [com.facebook.android:facebook-places:4.36.0] AndroidManifest.xml:21:1-31:12
MERGED from [com.facebook.android:facebook-applinks:4.36.0] AndroidManifest.xml:21:1-31:12
MERGED from [com.facebook.android:facebook-messenger:4.36.0] AndroidManifest.xml:21:1-31:12
MERGED from [com.facebook.android:facebook-marketing:4.36.0] AndroidManifest.xml:21:1-35:12
MERGED from [com.facebook.android:facebook-core:4.36.0] AndroidManifest.xml:21:1-53:12
MERGED from [com.android.support:support-core-utils:27.0.2] AndroidManifest.xml:17:1-22:12
MERGED from [com.android.support:support-media-compat:26.1.0] AndroidManifest.xml:17:1-31:12
MERGED from [com.android.support:support-vector-drawable:27.0.2] AndroidManifest.xml:17:1-22:12
MERGED from [com.android.support:support-compat:27.0.2] AndroidManifest.xml:17:1-22:12
MERGED from [com.android.support:cardview-v7:26.1.0] AndroidManifest.xml:17:1-28:12
MERGED from [android.arch.lifecycle:runtime:1.0.3] AndroidManifest.xml:17:1-24:12
INJECTED from src/main/AndroidManifest.xml:2:1-67:12
INJECTED from src/main/AndroidManifest.xml:2:1-67:12
INJECTED from src/main/AndroidManifest.xml:2:1-67:12
	package
		ADDED from src/main/AndroidManifest.xml:2:103-136
		INJECTED from src/main/AndroidManifest.xml
		INJECTED from src/main/AndroidManifest.xml
	android:versionName
		ADDED from src/main/AndroidManifest.xml:2:74-102
		INJECTED from src/main/AndroidManifest.xml
		INJECTED from src/main/AndroidManifest.xml
	android:hardwareAccelerated
		ADDED from src/main/AndroidManifest.xml:2:11-45
	xmlns:android
		ADDED from src/main/AndroidManifest.xml:2:137-195
	android:versionCode
		ADDED from src/main/AndroidManifest.xml:2:46-73
		INJECTED from src/main/AndroidManifest.xml
		INJECTED from src/main/AndroidManifest.xml
supports-screens
ADDED from src/main/AndroidManifest.xml:3:3-188
	android:largeScreens
		ADDED from src/main/AndroidManifest.xml:3:47-74
	android:smallScreens
		ADDED from src/main/AndroidManifest.xml:3:130-157
	android:normalScreens
		ADDED from src/main/AndroidManifest.xml:3:75-103
	android:xlargeScreens
		ADDED from src/main/AndroidManifest.xml:3:158-186
	android:resizeable
		ADDED from src/main/AndroidManifest.xml:3:104-129
	android:anyDensity
		ADDED from src/main/AndroidManifest.xml:3:21-46
uses-permission#android.permission.INTERNET
ADDED from src/main/AndroidManifest.xml:4:3-64
MERGED from [com.onesignal:OneSignal:3.9.1] AndroidManifest.xml:17:5-67
MERGED from [com.onesignal:OneSignal:3.9.1] AndroidManifest.xml:17:5-67
MERGED from [com.google.android.gms:play-services-analytics:11.0.1] AndroidManifest.xml:20:5-66
MERGED from [com.google.android.gms:play-services-analytics:11.0.1] AndroidManifest.xml:20:5-66
MERGED from [com.google.android.gms:play-services-analytics-impl:11.0.1] AndroidManifest.xml:20:5-66
MERGED from [com.google.android.gms:play-services-analytics-impl:11.0.1] AndroidManifest.xml:20:5-66
MERGED from [com.google.firebase:firebase-iid:11.0.1] AndroidManifest.xml:20:5-66
MERGED from [com.google.firebase:firebase-iid:11.0.1] AndroidManifest.xml:20:5-66
	android:name
		ADDED from src/main/AndroidManifest.xml:4:20-62
uses-permission#android.permission.WRITE_EXTERNAL_STORAGE
ADDED from src/main/AndroidManifest.xml:5:3-78
	android:name
		ADDED from src/main/AndroidManifest.xml:5:20-76
uses-permission#android.permission.ACCESS_COARSE_LOCATION
ADDED from src/main/AndroidManifest.xml:6:3-78
	android:name
		ADDED from src/main/AndroidManifest.xml:6:20-76
uses-permission#android.permission.ACCESS_FINE_LOCATION
ADDED from src/main/AndroidManifest.xml:7:3-76
	android:name
		ADDED from src/main/AndroidManifest.xml:7:20-74
uses-permission#android.permission.ACCESS_NETWORK_STATE
ADDED from src/main/AndroidManifest.xml:8:3-76
MERGED from [com.onesignal:OneSignal:3.9.1] AndroidManifest.xml:25:5-79
MERGED from [com.onesignal:OneSignal:3.9.1] AndroidManifest.xml:25:5-79
MERGED from [com.google.android.gms:play-services-analytics:11.0.1] AndroidManifest.xml:21:5-78
MERGED from [com.google.android.gms:play-services-analytics:11.0.1] AndroidManifest.xml:21:5-78
MERGED from [com.google.android.gms:play-services-analytics-impl:11.0.1] AndroidManifest.xml:21:5-78
MERGED from [com.google.android.gms:play-services-analytics-impl:11.0.1] AndroidManifest.xml:21:5-78
MERGED from [com.google.firebase:firebase-iid:11.0.1] AndroidManifest.xml:19:5-78
MERGED from [com.google.firebase:firebase-iid:11.0.1] AndroidManifest.xml:19:5-78
	android:name
		ADDED from src/main/AndroidManifest.xml:8:20-74
uses-permission#com.amazon.device.messaging.permission.RECEIVE
ADDED from src/main/AndroidManifest.xml:9:3-83
	android:name
		ADDED from src/main/AndroidManifest.xml:9:20-81
uses-permission#com.tecnodesign.dezling.permission.RECEIVE_ADM_MESSAGE
ADDED from src/main/AndroidManifest.xml:10:3-91
	android:name
		ADDED from src/main/AndroidManifest.xml:10:20-89
application
ADDED from src/main/AndroidManifest.xml:11:3-63:17
MERGED from [com.onesignal:OneSignal:3.9.1] AndroidManifest.xml:49:5-106:19
MERGED from [com.onesignal:OneSignal:3.9.1] AndroidManifest.xml:49:5-106:19
MERGED from [com.facebook.android:facebook-android-sdk:4.36.0] AndroidManifest.xml:28:5-29:19
MERGED from [com.facebook.android:facebook-android-sdk:4.36.0] AndroidManifest.xml:28:5-29:19
MERGED from [com.facebook.android:facebook-login:4.36.0] AndroidManifest.xml:28:5-29:19
MERGED from [com.facebook.android:facebook-login:4.36.0] AndroidManifest.xml:28:5-29:19
MERGED from [com.facebook.android:facebook-share:4.36.0] AndroidManifest.xml:28:5-29:19
MERGED from [com.facebook.android:facebook-share:4.36.0] AndroidManifest.xml:28:5-29:19
MERGED from [com.facebook.android:facebook-common:4.36.0] AndroidManifest.xml:28:5-35:19
MERGED from [com.facebook.android:facebook-common:4.36.0] AndroidManifest.xml:28:5-35:19
MERGED from [com.google.android.gms:play-services-analytics:11.0.1] AndroidManifest.xml:26:5-19
MERGED from [com.google.android.gms:play-services-analytics:11.0.1] AndroidManifest.xml:26:5-19
MERGED from [com.google.android.gms:play-services-tagmanager-v4-impl:11.0.1] AndroidManifest.xml:19:5-19
MERGED from [com.google.android.gms:play-services-tagmanager-v4-impl:11.0.1] AndroidManifest.xml:19:5-19
MERGED from [com.google.android.gms:play-services-analytics-impl:11.0.1] AndroidManifest.xml:26:5-19
MERGED from [com.google.android.gms:play-services-analytics-impl:11.0.1] AndroidManifest.xml:26:5-19
MERGED from [com.google.android.gms:play-services-location:11.0.1] AndroidManifest.xml:4:5-19
MERGED from [com.google.android.gms:play-services-location:11.0.1] AndroidManifest.xml:4:5-19
MERGED from [com.google.android.gms:play-services-base:11.0.1] AndroidManifest.xml:18:5-20:19
MERGED from [com.google.android.gms:play-services-base:11.0.1] AndroidManifest.xml:18:5-20:19
MERGED from [com.google.firebase:firebase-messaging:11.0.1] AndroidManifest.xml:19:5-29:19
MERGED from [com.google.firebase:firebase-messaging:11.0.1] AndroidManifest.xml:19:5-29:19
MERGED from [com.google.firebase:firebase-iid:11.0.1] AndroidManifest.xml:28:5-49:19
MERGED from [com.google.firebase:firebase-iid:11.0.1] AndroidManifest.xml:28:5-49:19
MERGED from [com.google.firebase:firebase-common:11.0.1] AndroidManifest.xml:4:5-7:19
MERGED from [com.google.firebase:firebase-common:11.0.1] AndroidManifest.xml:4:5-7:19
MERGED from [com.google.android.gms:play-services-tasks:11.0.1] AndroidManifest.xml:4:5-19
MERGED from [com.google.android.gms:play-services-tasks:11.0.1] AndroidManifest.xml:4:5-19
MERGED from [com.google.android.gms:play-services-basement:11.0.1] AndroidManifest.xml:19:5-21:19
MERGED from [com.google.android.gms:play-services-basement:11.0.1] AndroidManifest.xml:19:5-21:19
MERGED from [com.android.support:appcompat-v7:26.1.0] AndroidManifest.xml:25:5-29:19
MERGED from [com.android.support:appcompat-v7:26.1.0] AndroidManifest.xml:25:5-29:19
MERGED from [com.android.support:support-fragment:26.1.0] AndroidManifest.xml:25:5-29:19
MERGED from [com.android.support:support-fragment:26.1.0] AndroidManifest.xml:25:5-29:19
MERGED from [com.facebook.android:facebook-places:4.36.0] AndroidManifest.xml:28:5-29:19
MERGED from [com.facebook.android:facebook-places:4.36.0] AndroidManifest.xml:28:5-29:19
MERGED from [com.facebook.android:facebook-applinks:4.36.0] AndroidManifest.xml:28:5-29:19
MERGED from [com.facebook.android:facebook-applinks:4.36.0] AndroidManifest.xml:28:5-29:19
MERGED from [com.facebook.android:facebook-messenger:4.36.0] AndroidManifest.xml:28:5-29:19
MERGED from [com.facebook.android:facebook-messenger:4.36.0] AndroidManifest.xml:28:5-29:19
MERGED from [com.facebook.android:facebook-marketing:4.36.0] AndroidManifest.xml:28:5-33:19
MERGED from [com.facebook.android:facebook-marketing:4.36.0] AndroidManifest.xml:28:5-33:19
MERGED from [com.facebook.android:facebook-core:4.36.0] AndroidManifest.xml:28:5-51:19
MERGED from [com.facebook.android:facebook-core:4.36.0] AndroidManifest.xml:28:5-51:19
MERGED from [com.android.support:support-media-compat:26.1.0] AndroidManifest.xml:25:5-29:19
MERGED from [com.android.support:support-media-compat:26.1.0] AndroidManifest.xml:25:5-29:19
MERGED from [com.android.support:cardview-v7:26.1.0] AndroidManifest.xml:22:5-26:19
MERGED from [com.android.support:cardview-v7:26.1.0] AndroidManifest.xml:22:5-26:19
	android:supportsRtl
		ADDED from src/main/AndroidManifest.xml:11:112-138
	android:label
		ADDED from src/main/AndroidManifest.xml:11:79-111
	android:hardwareAccelerated
		ADDED from src/main/AndroidManifest.xml:11:16-50
	android:icon
		ADDED from src/main/AndroidManifest.xml:11:51-78
activity#com.tecnodesign.dezling.MainActivity
ADDED from src/main/AndroidManifest.xml:12:5-35:16
	android:label
		ADDED from src/main/AndroidManifest.xml:12:93-130
	android:launchMode
		ADDED from src/main/AndroidManifest.xml:12:131-161
	android:windowSoftInputMode
		ADDED from src/main/AndroidManifest.xml:12:253-295
	android:configChanges
		ADDED from src/main/AndroidManifest.xml:12:15-92
	android:theme
		ADDED from src/main/AndroidManifest.xml:12:190-252
	android:name
		ADDED from src/main/AndroidManifest.xml:12:162-189
intent-filter#android.intent.action.MAIN+android.intent.category.LAUNCHER
ADDED from src/main/AndroidManifest.xml:13:7-16:23
	android:label
		ADDED from src/main/AndroidManifest.xml:13:22-59
action#android.intent.action.MAIN
ADDED from src/main/AndroidManifest.xml:14:9-60
	android:name
		ADDED from src/main/AndroidManifest.xml:14:17-58
category#android.intent.category.LAUNCHER
ADDED from src/main/AndroidManifest.xml:15:9-68
	android:name
		ADDED from src/main/AndroidManifest.xml:15:19-66
intent-filter#android.intent.action.VIEW+android.intent.category.BROWSABLE+android.intent.category.DEFAULT
ADDED from src/main/AndroidManifest.xml:17:7-22:23
	android:autoVerify
		ADDED from src/main/AndroidManifest.xml:23:22-47
action#android.intent.action.VIEW
ADDED from src/main/AndroidManifest.xml:18:9-60
	android:name
		ADDED from src/main/AndroidManifest.xml:18:17-58
category#android.intent.category.DEFAULT
ADDED from src/main/AndroidManifest.xml:19:9-67
	android:name
		ADDED from src/main/AndroidManifest.xml:19:19-65
category#android.intent.category.BROWSABLE
ADDED from src/main/AndroidManifest.xml:20:9-69
	android:name
		ADDED from src/main/AndroidManifest.xml:20:19-67
data
ADDED from src/main/AndroidManifest.xml:21:9-57
	android:path
		ADDED from src/main/AndroidManifest.xml:33:83-115
	android:host
		ADDED from src/main/AndroidManifest.xml:27:15-46
	android:scheme
		ADDED from src/main/AndroidManifest.xml:21:15-55
activity#com.facebook.FacebookActivity
ADDED from src/main/AndroidManifest.xml:36:5-181
MERGED from [com.facebook.android:facebook-common:4.36.0] AndroidManifest.xml:29:9-32:66
MERGED from [com.facebook.android:facebook-common:4.36.0] AndroidManifest.xml:29:9-32:66
	android:label
		ADDED from src/main/AndroidManifest.xml:36:99-134
	android:configChanges
		ADDED from src/main/AndroidManifest.xml:36:15-98
	android:theme
		ADDED from [com.facebook.android:facebook-common:4.36.0] AndroidManifest.xml:32:13-63
	android:name
		ADDED from src/main/AndroidManifest.xml:36:135-179
meta-data#com.facebook.sdk.ApplicationId
ADDED from src/main/AndroidManifest.xml:40:5-97
	android:value
		ADDED from src/main/AndroidManifest.xml:40:62-95
	android:name
		ADDED from src/main/AndroidManifest.xml:40:16-61
meta-data#com.facebook.sdk.ApplicationName
ADDED from src/main/AndroidManifest.xml:41:5-101
	android:value
		ADDED from src/main/AndroidManifest.xml:41:64-99
	android:name
		ADDED from src/main/AndroidManifest.xml:41:16-63
receiver#com.google.android.gms.analytics.AnalyticsReceiver
ADDED from src/main/AndroidManifest.xml:42:5-46:16
	android:enabled
		ADDED from src/main/AndroidManifest.xml:42:15-37
	android:name
		ADDED from src/main/AndroidManifest.xml:42:38-103
intent-filter#com.google.android.gms.analytics.ANALYTICS_DISPATCH
ADDED from src/main/AndroidManifest.xml:43:7-45:23
action#com.google.android.gms.analytics.ANALYTICS_DISPATCH
ADDED from src/main/AndroidManifest.xml:44:9-85
	android:name
		ADDED from src/main/AndroidManifest.xml:44:17-83
receiver#com.google.android.gms.analytics.CampaignTrackingReceiver
ADDED from src/main/AndroidManifest.xml:47:5-51:16
	android:enabled
		ADDED from src/main/AndroidManifest.xml:47:15-37
	android:exported
		ADDED from src/main/AndroidManifest.xml:47:38-61
	android:name
		ADDED from src/main/AndroidManifest.xml:47:62-134
intent-filter#com.android.vending.INSTALL_REFERRER
ADDED from src/main/AndroidManifest.xml:48:7-50:23
action#com.android.vending.INSTALL_REFERRER
ADDED from src/main/AndroidManifest.xml:49:9-70
	android:name
		ADDED from src/main/AndroidManifest.xml:49:17-68
receiver#com.onesignal.ADMMessageHandler$Receiver
ADDED from src/main/AndroidManifest.xml:52:5-58:16
	android:permission
		ADDED from src/main/AndroidManifest.xml:52:71-135
	android:name
		ADDED from src/main/AndroidManifest.xml:52:15-70
intent-filter#com.amazon.device.messaging.intent.RECEIVE+com.amazon.device.messaging.intent.REGISTRATION+com.tecnodesign.dezling
ADDED from src/main/AndroidManifest.xml:53:7-57:23
action#com.amazon.device.messaging.intent.REGISTRATION
ADDED from src/main/AndroidManifest.xml:54:9-81
	android:name
		ADDED from src/main/AndroidManifest.xml:54:17-79
action#com.amazon.device.messaging.intent.RECEIVE
ADDED from src/main/AndroidManifest.xml:55:9-76
	android:name
		ADDED from src/main/AndroidManifest.xml:55:17-74
category#com.tecnodesign.dezling
ADDED from src/main/AndroidManifest.xml:56:9-59
	android:name
		ADDED from src/main/AndroidManifest.xml:56:19-57
service#com.google.android.gms.analytics.AnalyticsService
ADDED from src/main/AndroidManifest.xml:59:5-128
	android:enabled
		ADDED from src/main/AndroidManifest.xml:59:14-36
	android:exported
		ADDED from src/main/AndroidManifest.xml:59:37-61
	android:name
		ADDED from src/main/AndroidManifest.xml:59:62-126
service#com.google.android.gms.analytics.CampaignTrackingService
ADDED from src/main/AndroidManifest.xml:60:5-135
	android:enabled
		ADDED from src/main/AndroidManifest.xml:60:14-36
	android:exported
		ADDED from src/main/AndroidManifest.xml:60:37-61
	android:name
		ADDED from src/main/AndroidManifest.xml:60:62-133
service#com.onesignal.ADMMessageHandler
ADDED from src/main/AndroidManifest.xml:61:5-87
	android:exported
		ADDED from src/main/AndroidManifest.xml:61:14-38
	android:name
		ADDED from src/main/AndroidManifest.xml:61:39-85
amazon:enable-feature
ADDED from src/main/AndroidManifest.xml:62:5-154
	xmlns:amazon
		ADDED from src/main/AndroidManifest.xml:62:96-152
	android:required
		ADDED from src/main/AndroidManifest.xml:62:71-95
	android:name
		ADDED from src/main/AndroidManifest.xml:62:28-70
uses-sdk
ADDED from src/main/AndroidManifest.xml:64:3-71
INJECTED from src/main/AndroidManifest.xml:64:3-71
MERGED from [me.leolin:ShortcutBadger:1.1.21] AndroidManifest.xml:7:5-9:41
MERGED from [me.leolin:ShortcutBadger:1.1.21] AndroidManifest.xml:7:5-9:41
MERGED from [com.onesignal:OneSignal:3.9.1] AndroidManifest.xml:5:5-44
MERGED from [com.onesignal:OneSignal:3.9.1] AndroidManifest.xml:5:5-44
MERGED from [com.facebook.android:facebook-android-sdk:4.36.0] AndroidManifest.xml:24:5-26:41
MERGED from [com.facebook.android:facebook-android-sdk:4.36.0] AndroidManifest.xml:24:5-26:41
MERGED from [com.facebook.android:facebook-login:4.36.0] AndroidManifest.xml:24:5-26:41
MERGED from [com.facebook.android:facebook-login:4.36.0] AndroidManifest.xml:24:5-26:41
MERGED from [com.facebook.android:facebook-share:4.36.0] AndroidManifest.xml:24:5-26:41
MERGED from [com.facebook.android:facebook-share:4.36.0] AndroidManifest.xml:24:5-26:41
MERGED from [com.facebook.android:facebook-common:4.36.0] AndroidManifest.xml:24:5-26:41
MERGED from [com.facebook.android:facebook-common:4.36.0] AndroidManifest.xml:24:5-26:41
MERGED from [com.android.support:customtabs:27.0.2] AndroidManifest.xml:20:5-44
MERGED from [com.android.support:customtabs:27.0.2] AndroidManifest.xml:20:5-44
MERGED from [com.google.android.gms:play-services-analytics:11.0.1] AndroidManifest.xml:17:5-43
MERGED from [com.google.android.gms:play-services-analytics:11.0.1] AndroidManifest.xml:17:5-43
MERGED from [com.google.android.gms:play-services-tagmanager-v4-impl:11.0.1] AndroidManifest.xml:17:5-43
MERGED from [com.google.android.gms:play-services-tagmanager-v4-impl:11.0.1] AndroidManifest.xml:17:5-43
MERGED from [com.google.android.gms:play-services-analytics-impl:11.0.1] AndroidManifest.xml:17:5-43
MERGED from [com.google.android.gms:play-services-analytics-impl:11.0.1] AndroidManifest.xml:17:5-43
MERGED from [com.google.android.gms:play-services-location:11.0.1] AndroidManifest.xml:3:5-43
MERGED from [com.google.android.gms:play-services-location:11.0.1] AndroidManifest.xml:3:5-43
MERGED from [com.google.android.gms:play-services-base:11.0.1] AndroidManifest.xml:17:5-43
MERGED from [com.google.android.gms:play-services-base:11.0.1] AndroidManifest.xml:17:5-43
MERGED from [com.google.firebase:firebase-messaging:11.0.1] AndroidManifest.xml:17:5-43
MERGED from [com.google.firebase:firebase-messaging:11.0.1] AndroidManifest.xml:17:5-43
MERGED from [com.google.firebase:firebase-iid:11.0.1] AndroidManifest.xml:17:5-43
MERGED from [com.google.firebase:firebase-iid:11.0.1] AndroidManifest.xml:17:5-43
MERGED from [com.google.firebase:firebase-common:11.0.1] AndroidManifest.xml:3:5-43
MERGED from [com.google.firebase:firebase-common:11.0.1] AndroidManifest.xml:3:5-43
MERGED from [com.google.android.gms:play-services-tasks:11.0.1] AndroidManifest.xml:3:5-43
MERGED from [com.google.android.gms:play-services-tasks:11.0.1] AndroidManifest.xml:3:5-43
MERGED from [com.google.android.gms:play-services-basement:11.0.1] AndroidManifest.xml:17:5-43
MERGED from [com.google.android.gms:play-services-basement:11.0.1] AndroidManifest.xml:17:5-43
MERGED from [com.android.support:appcompat-v7:26.1.0] AndroidManifest.xml:21:5-23:78
MERGED from [com.android.support:appcompat-v7:26.1.0] AndroidManifest.xml:21:5-23:78
MERGED from [com.android.support:support-v4:27.0.2] AndroidManifest.xml:20:5-44
MERGED from [com.android.support:support-v4:27.0.2] AndroidManifest.xml:20:5-44
MERGED from [:CordovaLib] AndroidManifest.xml:25:5-44
MERGED from [:CordovaLib] AndroidManifest.xml:25:5-44
MERGED from [com.android.support:animated-vector-drawable:27.0.2] AndroidManifest.xml:20:5-44
MERGED from [com.android.support:animated-vector-drawable:27.0.2] AndroidManifest.xml:20:5-44
MERGED from [com.android.support:support-fragment:26.1.0] AndroidManifest.xml:21:5-23:60
MERGED from [com.android.support:support-fragment:26.1.0] AndroidManifest.xml:21:5-23:60
MERGED from [com.android.support:support-core-ui:27.0.2] AndroidManifest.xml:20:5-44
MERGED from [com.android.support:support-core-ui:27.0.2] AndroidManifest.xml:20:5-44
MERGED from [com.facebook.android:facebook-places:4.36.0] AndroidManifest.xml:24:5-26:41
MERGED from [com.facebook.android:facebook-places:4.36.0] AndroidManifest.xml:24:5-26:41
MERGED from [com.facebook.android:facebook-applinks:4.36.0] AndroidManifest.xml:24:5-26:41
MERGED from [com.facebook.android:facebook-applinks:4.36.0] AndroidManifest.xml:24:5-26:41
MERGED from [com.facebook.android:facebook-messenger:4.36.0] AndroidManifest.xml:24:5-26:41
MERGED from [com.facebook.android:facebook-messenger:4.36.0] AndroidManifest.xml:24:5-26:41
MERGED from [com.facebook.android:facebook-marketing:4.36.0] AndroidManifest.xml:24:5-26:41
MERGED from [com.facebook.android:facebook-marketing:4.36.0] AndroidManifest.xml:24:5-26:41
MERGED from [com.facebook.android:facebook-core:4.36.0] AndroidManifest.xml:24:5-26:41
MERGED from [com.facebook.android:facebook-core:4.36.0] AndroidManifest.xml:24:5-26:41
MERGED from [com.android.support:support-core-utils:27.0.2] AndroidManifest.xml:20:5-44
MERGED from [com.android.support:support-core-utils:27.0.2] AndroidManifest.xml:20:5-44
MERGED from [com.android.support:support-media-compat:26.1.0] AndroidManifest.xml:21:5-23:63
MERGED from [com.android.support:support-media-compat:26.1.0] AndroidManifest.xml:21:5-23:63
MERGED from [com.android.support:support-vector-drawable:27.0.2] AndroidManifest.xml:20:5-44
MERGED from [com.android.support:support-vector-drawable:27.0.2] AndroidManifest.xml:20:5-44
MERGED from [com.android.support:support-compat:27.0.2] AndroidManifest.xml:20:5-44
MERGED from [com.android.support:support-compat:27.0.2] AndroidManifest.xml:20:5-44
MERGED from [com.android.support:cardview-v7:26.1.0] AndroidManifest.xml:20:5-44
MERGED from [com.android.support:cardview-v7:26.1.0] AndroidManifest.xml:20:5-44
MERGED from [android.arch.lifecycle:runtime:1.0.3] AndroidManifest.xml:20:5-22:41
MERGED from [android.arch.lifecycle:runtime:1.0.3] AndroidManifest.xml:20:5-22:41
INJECTED from src/main/AndroidManifest.xml:64:3-71
	tools:overrideLibrary
		ADDED from [com.android.support:appcompat-v7:26.1.0] AndroidManifest.xml:23:9-75
	android:targetSdkVersion
		ADDED from src/main/AndroidManifest.xml:64:40-69
	android:minSdkVersion
		ADDED from src/main/AndroidManifest.xml:64:13-39
		INJECTED from src/main/AndroidManifest.xml
		INJECTED from src/main/AndroidManifest.xml
uses-feature#android.hardware.location.gps
ADDED from src/main/AndroidManifest.xml:65:3-63
	android:name
		ADDED from src/main/AndroidManifest.xml:65:17-61
permission#com.tecnodesign.dezling.permission.RECEIVE_ADM_MESSAGE
ADDED from src/main/AndroidManifest.xml:66:3-122
	android:protectionLevel
		ADDED from src/main/AndroidManifest.xml:66:85-120
	android:name
		ADDED from src/main/AndroidManifest.xml:66:15-84
meta-data#android.support.FILE_PROVIDER_PATHS
ADDED from src/main/AndroidManifest.xml:38:7-109
	android:resource
		ADDED from src/main/AndroidManifest.xml:38:69-107
	android:name
		ADDED from src/main/AndroidManifest.xml:38:18-68
uses-permission#com.sec.android.provider.badge.permission.READ
ADDED from [me.leolin:ShortcutBadger:1.1.21] AndroidManifest.xml:19:5-86
MERGED from [com.onesignal:OneSignal:3.9.1] AndroidManifest.xml:32:5-86
MERGED from [com.onesignal:OneSignal:3.9.1] AndroidManifest.xml:32:5-86
	android:name
		ADDED from [me.leolin:ShortcutBadger:1.1.21] AndroidManifest.xml:19:22-83
uses-permission#com.sec.android.provider.badge.permission.WRITE
ADDED from [me.leolin:ShortcutBadger:1.1.21] AndroidManifest.xml:20:5-87
MERGED from [com.onesignal:OneSignal:3.9.1] AndroidManifest.xml:33:5-87
MERGED from [com.onesignal:OneSignal:3.9.1] AndroidManifest.xml:33:5-87
	android:name
		ADDED from [me.leolin:ShortcutBadger:1.1.21] AndroidManifest.xml:20:22-84
uses-permission#com.htc.launcher.permission.READ_SETTINGS
ADDED from [me.leolin:ShortcutBadger:1.1.21] AndroidManifest.xml:23:5-81
MERGED from [com.onesignal:OneSignal:3.9.1] AndroidManifest.xml:34:5-81
MERGED from [com.onesignal:OneSignal:3.9.1] AndroidManifest.xml:34:5-81
	android:name
		ADDED from [me.leolin:ShortcutBadger:1.1.21] AndroidManifest.xml:23:22-78
uses-permission#com.htc.launcher.permission.UPDATE_SHORTCUT
ADDED from [me.leolin:ShortcutBadger:1.1.21] AndroidManifest.xml:24:5-83
MERGED from [com.onesignal:OneSignal:3.9.1] AndroidManifest.xml:35:5-83
MERGED from [com.onesignal:OneSignal:3.9.1] AndroidManifest.xml:35:5-83
	android:name
		ADDED from [me.leolin:ShortcutBadger:1.1.21] AndroidManifest.xml:24:22-80
uses-permission#com.sonyericsson.home.permission.BROADCAST_BADGE
ADDED from [me.leolin:ShortcutBadger:1.1.21] AndroidManifest.xml:27:5-88
MERGED from [com.onesignal:OneSignal:3.9.1] AndroidManifest.xml:36:5-88
MERGED from [com.onesignal:OneSignal:3.9.1] AndroidManifest.xml:36:5-88
	android:name
		ADDED from [me.leolin:ShortcutBadger:1.1.21] AndroidManifest.xml:27:22-85
uses-permission#com.sonymobile.home.permission.PROVIDER_INSERT_BADGE
ADDED from [me.leolin:ShortcutBadger:1.1.21] AndroidManifest.xml:28:5-92
MERGED from [com.onesignal:OneSignal:3.9.1] AndroidManifest.xml:37:5-92
MERGED from [com.onesignal:OneSignal:3.9.1] AndroidManifest.xml:37:5-92
	android:name
		ADDED from [me.leolin:ShortcutBadger:1.1.21] AndroidManifest.xml:28:22-89
uses-permission#com.anddoes.launcher.permission.UPDATE_COUNT
ADDED from [me.leolin:ShortcutBadger:1.1.21] AndroidManifest.xml:31:5-84
MERGED from [com.onesignal:OneSignal:3.9.1] AndroidManifest.xml:38:5-84
MERGED from [com.onesignal:OneSignal:3.9.1] AndroidManifest.xml:38:5-84
	android:name
		ADDED from [me.leolin:ShortcutBadger:1.1.21] AndroidManifest.xml:31:22-81
uses-permission#com.majeur.launcher.permission.UPDATE_BADGE
ADDED from [me.leolin:ShortcutBadger:1.1.21] AndroidManifest.xml:34:5-83
MERGED from [com.onesignal:OneSignal:3.9.1] AndroidManifest.xml:39:5-83
MERGED from [com.onesignal:OneSignal:3.9.1] AndroidManifest.xml:39:5-83
	android:name
		ADDED from [me.leolin:ShortcutBadger:1.1.21] AndroidManifest.xml:34:22-80
uses-permission#com.huawei.android.launcher.permission.CHANGE_BADGE
ADDED from [me.leolin:ShortcutBadger:1.1.21] AndroidManifest.xml:37:5-91
MERGED from [com.onesignal:OneSignal:3.9.1] AndroidManifest.xml:40:5-91
MERGED from [com.onesignal:OneSignal:3.9.1] AndroidManifest.xml:40:5-91
	android:name
		ADDED from [me.leolin:ShortcutBadger:1.1.21] AndroidManifest.xml:37:22-88
uses-permission#com.huawei.android.launcher.permission.READ_SETTINGS
ADDED from [me.leolin:ShortcutBadger:1.1.21] AndroidManifest.xml:38:5-92
MERGED from [com.onesignal:OneSignal:3.9.1] AndroidManifest.xml:41:5-92
MERGED from [com.onesignal:OneSignal:3.9.1] AndroidManifest.xml:41:5-92
	android:name
		ADDED from [me.leolin:ShortcutBadger:1.1.21] AndroidManifest.xml:38:22-89
uses-permission#com.huawei.android.launcher.permission.WRITE_SETTINGS
ADDED from [me.leolin:ShortcutBadger:1.1.21] AndroidManifest.xml:39:5-93
MERGED from [com.onesignal:OneSignal:3.9.1] AndroidManifest.xml:42:5-93
MERGED from [com.onesignal:OneSignal:3.9.1] AndroidManifest.xml:42:5-93
	android:name
		ADDED from [me.leolin:ShortcutBadger:1.1.21] AndroidManifest.xml:39:22-90
uses-permission#android.permission.READ_APP_BADGE
ADDED from [me.leolin:ShortcutBadger:1.1.21] AndroidManifest.xml:42:5-73
MERGED from [com.onesignal:OneSignal:3.9.1] AndroidManifest.xml:43:5-73
MERGED from [com.onesignal:OneSignal:3.9.1] AndroidManifest.xml:43:5-73
	android:name
		ADDED from [me.leolin:ShortcutBadger:1.1.21] AndroidManifest.xml:42:22-70
uses-permission#com.oppo.launcher.permission.READ_SETTINGS